# JRE version: OpenJDK Runtime Environment (17.0.9) (build 17.0.9+0--11185874)
# Java VM: OpenJDK 64-Bit Server VM (17.0.9+0--11185874, mixed mode, tiered, compressed oops, compressed class ptrs, g1 gc, windows-amd64)
GC Precious Log:
 CPUs: 4 total, 4 available
 Memory: 3927M
 Large Page Support: Disabled
 NUMA Support: Disabled
 Compressed Oops: Enabled (32-bit)
 Heap Region Size: 1M
 Heap Min Capacity: 8M
 Heap Initial Capacity: 62M
 Heap Max Capacity: 982M
 Pre-touch: Disabled
 Parallel Workers: 4
 Concurrent Workers: 1
 Concurrent Refinement Workers: 4
 Periodic GC: Disabled
Heap:
 garbage-first heap   total 97280K, used 52852K [0x00000000c2a00000, 0x0000000100000000)
  region size 1024K, 1 young (1024K), 1 survivors (1024K)
 Metaspace       used 65220K, committed 65472K, reserved 1114112K
  class space    used 7482K, committed 7616K, reserved 1048576K
GC Heap History (20 events):
Event: 19.968 GC heap after
{Heap after GC invocations=20 (full 0):
 garbage-first heap   total 58368K, used 35496K [0x00000000c2a00000, 0x0000000100000000)
  region size 1024K, 2 young (2048K), 2 survivors (2048K)
 Metaspace       used 50638K, committed 50880K, reserved 1114112K
  class space    used 6021K, committed 6144K, reserved 1048576K
}
Event: 20.624 GC heap before
{Heap before GC invocations=21 (full 0):
 garbage-first heap   total 63488K, used 44712K [0x00000000c2a00000, 0x0000000100000000)
  region size 1024K, 11 young (11264K), 2 survivors (2048K)
 Metaspace       used 50862K, committed 51072K, reserved 1114112K
  class space    used 6037K, committed 6144K, reserved 1048576K
}
Event: 20.647 GC heap after
{Heap after GC invocations=22 (full 0):
 garbage-first heap   total 63488K, used 37815K [0x00000000c2a00000, 0x0000000100000000)
  region size 1024K, 2 young (2048K), 2 survivors (2048K)
 Metaspace       used 50862K, committed 51072K, reserved 1114112K
  class space    used 6037K, committed 6144K, reserved 1048576K
}
Event: 21.348 GC heap before
{Heap before GC invocations=22 (full 0):
 garbage-first heap   total 63488K, used 49079K [0x00000000c2a00000, 0x0000000100000000)
  region size 1024K, 13 young (13312K), 2 survivors (2048K)
 Metaspace       used 50919K, committed 51136K, reserved 1114112K
  class space    used 6040K, committed 6144K, reserved 1048576K
}
Event: 21.364 GC heap after
{Heap after GC invocations=23 (full 0):
 garbage-first heap   total 86016K, used 40082K [0x00000000c2a00000, 0x0000000100000000)
  region size 1024K, 2 young (2048K), 2 survivors (2048K)
 Metaspace       used 50919K, committed 51136K, reserved 1114112K
  class space    used 6040K, committed 6144K, reserved 1048576K
}
Event: 22.615 GC heap before
{Heap before GC invocations=24 (full 0):
 garbage-first heap   total 86016K, used 62610K [0x00000000c2a00000, 0x0000000100000000)
  region size 1024K, 25 young (25600K), 2 survivors (2048K)
 Metaspace       used 53421K, committed 53632K, reserved 1114112K
  class space    used 6332K, committed 6400K, reserved 1048576K
}
Event: 22.631 GC heap after
{Heap after GC invocations=25 (full 0):
 garbage-first heap   total 86016K, used 41716K [0x00000000c2a00000, 0x0000000100000000)
  region size 1024K, 4 young (4096K), 4 survivors (4096K)
 Metaspace       used 53421K, committed 53632K, reserved 1114112K
  class space    used 6332K, committed 6400K, reserved 1048576K
}
Event: 22.638 GC heap before
{Heap before GC invocations=25 (full 0):
 garbage-first heap   total 86016K, used 42740K [0x00000000c2a00000, 0x0000000100000000)
  region size 1024K, 5 young (5120K), 4 survivors (4096K)
 Metaspace       used 53427K, committed 53632K, reserved 1114112K
  class space    used 6332K, committed 6400K, reserved 1048576K
}
Event: 22.662 GC heap after
{Heap after GC invocations=26 (full 0):
 garbage-first heap   total 86016K, used 41604K [0x00000000c2a00000, 0x0000000100000000)
  region size 1024K, 1 young (1024K), 1 survivors (1024K)
 Metaspace       used 53427K, committed 53632K, reserved 1114112K
  class space    used 6332K, committed 6400K, reserved 1048576K
}
Event: 24.269 GC heap before
{Heap before GC invocations=26 (full 0):
 garbage-first heap   total 86016K, used 62084K [0x00000000c2a00000, 0x0000000100000000)
  region size 1024K, 23 young (23552K), 1 survivors (1024K)
 Metaspace       used 55736K, committed 56000K, reserved 1114112K
  class space    used 6585K, committed 6720K, reserved 1048576K
}
Event: 24.289 GC heap after
{Heap after GC invocations=27 (full 0):
 garbage-first heap   total 86016K, used 44654K [0x00000000c2a00000, 0x0000000100000000)
  region size 1024K, 3 young (3072K), 3 survivors (3072K)
 Metaspace       used 55736K, committed 56000K, reserved 1114112K
  class space    used 6585K, committed 6720K, reserved 1048576K
}
Event: 26.062 GC heap before
{Heap before GC invocations=28 (full 0):
 garbage-first heap   total 97280K, used 66158K [0x00000000c2a00000, 0x0000000100000000)
  region size 1024K, 24 young (24576K), 3 survivors (3072K)
 Metaspace       used 56908K, committed 57152K, reserved 1114112K
  class space    used 6661K, committed 6784K, reserved 1048576K
}
Event: 26.081 GC heap after
{Heap after GC invocations=29 (full 0):
 garbage-first heap   total 97280K, used 47777K [0x00000000c2a00000, 0x0000000100000000)
  region size 1024K, 3 young (3072K), 3 survivors (3072K)
 Metaspace       used 56908K, committed 57152K, reserved 1114112K
  class space    used 6661K, committed 6784K, reserved 1048576K
}
Event: 26.144 GC heap before
{Heap before GC invocations=29 (full 0):
 garbage-first heap   total 97280K, used 48801K [0x00000000c2a00000, 0x0000000100000000)
  region size 1024K, 4 young (4096K), 3 survivors (3072K)
 Metaspace       used 56929K, committed 57152K, reserved 1114112K
  class space    used 6663K, committed 6784K, reserved 1048576K
}
Event: 26.164 GC heap after
{Heap after GC invocations=30 (full 0):
 garbage-first heap   total 97280K, used 47838K [0x00000000c2a00000, 0x0000000100000000)
  region size 1024K, 1 young (1024K), 1 survivors (1024K)
 Metaspace       used 56929K, committed 57152K, reserved 1114112K
  class space    used 6663K, committed 6784K, reserved 1048576K
}
Event: 28.237 GC heap before
{Heap before GC invocations=30 (full 0):
 garbage-first heap   total 97280K, used 74462K [0x00000000c2a00000, 0x0000000100000000)
  region size 1024K, 27 young (27648K), 1 survivors (1024K)
 Metaspace       used 61534K, committed 61824K, reserved 1114112K
  class space    used 7129K, committed 7296K, reserved 1048576K
}
Event: 28.250 GC heap after
{Heap after GC invocations=31 (full 0):
 garbage-first heap   total 97280K, used 49712K [0x00000000c2a00000, 0x0000000100000000)
  region size 1024K, 3 young (3072K), 3 survivors (3072K)
 Metaspace       used 61534K, committed 61824K, reserved 1114112K
  class space    used 7129K, committed 7296K, reserved 1048576K
}
Event: 30.278 GC heap before
{Heap before GC invocations=32 (full 0):
 garbage-first heap   total 97280K, used 74288K [0x00000000c2a00000, 0x0000000100000000)
  region size 1024K, 28 young (28672K), 3 survivors (3072K)
 Metaspace       used 65136K, committed 65408K, reserved 1114112K
  class space    used 7471K, committed 7616K, reserved 1048576K
}
Event: 30.324 GC heap after
{Heap after GC invocations=33 (full 0):
 garbage-first heap   total 97280K, used 52639K [0x00000000c2a00000, 0x0000000100000000)
  region size 1024K, 3 young (3072K), 3 survivors (3072K)
 Metaspace       used 65136K, committed 65408K, reserved 1114112K
  class space    used 7471K, committed 7616K, reserved 1048576K
}
Event: 30.380 GC heap before
{Heap before GC invocations=33 (full 0):
 garbage-first heap   total 97280K, used 52639K [0x00000000c2a00000, 0x0000000100000000)
  region size 1024K, 4 young (4096K), 3 survivors (3072K)
 Metaspace       used 65220K, committed 65472K, reserved 1114112K
  class space    used 7482K, committed 7616K, reserved 1048576K
}

